# JRE version: Java(TM) SE Runtime Environment (8.0_211-b12) (build 1.8.0_211-b12)
# Java VM: Java HotSpot(TM) 64-Bit Server VM (25.211-b12 mixed mode windows-amd64 compressed oops)
Heap:
 PSYoungGen      total 42496K, used 26846K [0x00000000d5c00000, 0x00000000d9180000, 0x0000000100000000)
  eden space 31232K, 84% used [0x00000000d5c00000,0x00000000d75b7838,0x00000000d7a80000)
  from space 11264K, 4% used [0x00000000d8600000,0x00000000d8680000,0x00000000d9100000)
  to   space 11776K, 0% used [0x00000000d7a80000,0x00000000d7a80000,0x00000000d8600000)
 ParOldGen       total 87552K, used 12986K [0x0000000081400000, 0x0000000086980000, 0x00000000d5c00000)
  object space 87552K, 14% used [0x0000000081400000,0x00000000820aead0,0x0000000086980000)
 Metaspace       used 16510K, capacity 17146K, committed 17280K, reserved 1064960K
  class space    used 2182K, capacity 2365K, committed 2432K, reserved 1048576K
GC Heap History (10 events):
Event: 21.758 GC heap before
{Heap before GC invocations=4 (full 0):
 PSYoungGen      total 38400K, used 38369K [0x00000000d5c00000, 0x00000000d8680000, 0x0000000100000000)
  eden space 33280K, 100% used [0x00000000d5c00000,0x00000000d7c80000,0x00000000d7c80000)
  from space 5120K, 99% used [0x00000000d7c80000,0x00000000d8178540,0x00000000d8180000)
  to   space 5120K, 0% used [0x00000000d8180000,0x00000000d8180000,0x00000000d8680000)
 ParOldGen       total 87552K, used 7638K [0x0000000081400000, 0x0000000086980000, 0x00000000d5c00000)
  object space 87552K, 8% used [0x0000000081400000,0x0000000081b75bf8,0x0000000086980000)
 Metaspace       used 15949K, capacity 16566K, committed 16768K, reserved 1062912K
  class space    used 2178K, capacity 2365K, committed 2432K, reserved 1048576K
Event: 21.788 GC heap after
Heap after GC invocations=4 (full 0):
 PSYoungGen      total 38400K, used 5105K [0x00000000d5c00000, 0x00000000d8680000, 0x0000000100000000)
  eden space 33280K, 0% used [0x00000000d5c00000,0x00000000d5c00000,0x00000000d7c80000)
  from space 5120K, 99% used [0x00000000d8180000,0x00000000d867c530,0x00000000d8680000)
  to   space 5120K, 0% used [0x00000000d7c80000,0x00000000d7c80000,0x00000000d8180000)
 ParOldGen       total 87552K, used 7822K [0x0000000081400000, 0x0000000086980000, 0x00000000d5c00000)
  object space 87552K, 8% used [0x0000000081400000,0x0000000081ba3bf8,0x0000000086980000)
 Metaspace       used 15949K, capacity 16566K, committed 16768K, reserved 1062912K
  class space    used 2178K, capacity 2365K, committed 2432K, reserved 1048576K
}
Event: 28.062 GC heap before
{Heap before GC invocations=5 (full 0):
 PSYoungGen      total 38400K, used 38385K [0x00000000d5c00000, 0x00000000d8680000, 0x0000000100000000)
  eden space 33280K, 100% used [0x00000000d5c00000,0x00000000d7c80000,0x00000000d7c80000)
  from space 5120K, 99% used [0x00000000d8180000,0x00000000d867c530,0x00000000d8680000)
  to   space 5120K, 0% used [0x00000000d7c80000,0x00000000d7c80000,0x00000000d8180000)
 ParOldGen       total 87552K, used 7822K [0x0000000081400000, 0x0000000086980000, 0x00000000d5c00000)
  object space 87552K, 8% used [0x0000000081400000,0x0000000081ba3bf8,0x0000000086980000)
 Metaspace       used 16194K, capacity 16826K, committed 17024K, reserved 1064960K
  class space    used 2181K, capacity 2365K, committed 2432K, reserved 1048576K
Event: 28.092 GC heap after
Heap after GC invocations=5 (full 0):
 PSYoungGen      total 37888K, used 5105K [0x00000000d5c00000, 0x00000000d9200000, 0x0000000100000000)
  eden space 32768K, 0% used [0x00000000d5c00000,0x00000000d5c00000,0x00000000d7c00000)
  from space 5120K, 99% used [0x00000000d7c80000,0x00000000d817c530,0x00000000d8180000)
  to   space 11264K, 0% used [0x00000000d8700000,0x00000000d8700000,0x00000000d9200000)
 ParOldGen       total 87552K, used 7990K [0x0000000081400000, 0x0000000086980000, 0x00000000d5c00000)
  object space 87552K, 9% used [0x0000000081400000,0x0000000081bcdbf8,0x0000000086980000)
 Metaspace       used 16194K, capacity 16826K, committed 17024K, reserved 1064960K
  class space    used 2181K, capacity 2365K, committed 2432K, reserved 1048576K
}
Event: 32.744 GC heap before
{Heap before GC invocations=6 (full 0):
 PSYoungGen      total 37888K, used 37873K [0x00000000d5c00000, 0x00000000d9200000, 0x0000000100000000)
  eden space 32768K, 100% used [0x00000000d5c00000,0x00000000d7c00000,0x00000000d7c00000)
  from space 5120K, 99% used [0x00000000d7c80000,0x00000000d817c530,0x00000000d8180000)
  to   space 11264K, 0% used [0x00000000d8700000,0x00000000d8700000,0x00000000d9200000)
 ParOldGen       total 87552K, used 7990K [0x0000000081400000, 0x0000000086980000, 0x00000000d5c00000)
  object space 87552K, 9% used [0x0000000081400000,0x0000000081bcdbf8,0x0000000086980000)
 Metaspace       used 16314K, capacity 16954K, committed 17024K, reserved 1064960K
  class space    used 2181K, capacity 2365K, committed 2432K, reserved 1048576K
Event: 32.779 GC heap after
Heap after GC invocations=6 (full 0):
 PSYoungGen      total 41984K, used 5297K [0x00000000d5c00000, 0x00000000d9080000, 0x0000000100000000)
  eden space 32256K, 0% used [0x00000000d5c00000,0x00000000d5c00000,0x00000000d7b80000)
  from space 9728K, 54% used [0x00000000d8700000,0x00000000d8c2c530,0x00000000d9080000)
  to   space 10752K, 0% used [0x00000000d7b80000,0x00000000d7b80000,0x00000000d8600000)
 ParOldGen       total 87552K, used 7990K [0x0000000081400000, 0x0000000086980000, 0x00000000d5c00000)
  object space 87552K, 9% used [0x0000000081400000,0x0000000081bcdbf8,0x0000000086980000)
 Metaspace       used 16314K, capacity 16954K, committed 17024K, reserved 1064960K
  class space    used 2181K, capacity 2365K, committed 2432K, reserved 1048576K
}
Event: 36.703 GC heap before
{Heap before GC invocations=7 (full 0):
 PSYoungGen      total 41984K, used 37553K [0x00000000d5c00000, 0x00000000d9080000, 0x0000000100000000)
  eden space 32256K, 100% used [0x00000000d5c00000,0x00000000d7b80000,0x00000000d7b80000)
  from space 9728K, 54% used [0x00000000d8700000,0x00000000d8c2c530,0x00000000d9080000)
  to   space 10752K, 0% used [0x00000000d7b80000,0x00000000d7b80000,0x00000000d8600000)
 ParOldGen       total 87552K, used 7990K [0x0000000081400000, 0x0000000086980000, 0x00000000d5c00000)
  object space 87552K, 9% used [0x0000000081400000,0x0000000081bcdbf8,0x0000000086980000)
 Metaspace       used 16386K, capacity 17082K, committed 17280K, reserved 1064960K
  class space    used 2181K, capacity 2365K, committed 2432K, reserved 1048576K
Event: 36.742 GC heap after
Heap after GC invocations=7 (full 0):
 PSYoungGen      total 42496K, used 544K [0x00000000d5c00000, 0x00000000d9100000, 0x0000000100000000)
  eden space 31744K, 0% used [0x00000000d5c00000,0x00000000d5c00000,0x00000000d7b00000)
  from space 10752K, 5% used [0x00000000d7b80000,0x00000000d7c08000,0x00000000d8600000)
  to   space 11264K, 0% used [0x00000000d8600000,0x00000000d8600000,0x00000000d9100000)
 ParOldGen       total 87552K, used 12801K [0x0000000081400000, 0x0000000086980000, 0x00000000d5c00000)
  object space 87552K, 14% used [0x0000000081400000,0x0000000082080790,0x0000000086980000)
 Metaspace       used 16386K, capacity 17082K, committed 17280K, reserved 1064960K
  class space    used 2181K, capacity 2365K, committed 2432K, reserved 1048576K
}
Event: 42.163 GC heap before
{Heap before GC invocations=8 (full 0):
 PSYoungGen      total 42496K, used 32288K [0x00000000d5c00000, 0x00000000d9100000, 0x0000000100000000)
  eden space 31744K, 100% used [0x00000000d5c00000,0x00000000d7b00000,0x00000000d7b00000)
  from space 10752K, 5% used [0x00000000d7b80000,0x00000000d7c08000,0x00000000d8600000)
  to   space 11264K, 0% used [0x00000000d8600000,0x00000000d8600000,0x00000000d9100000)
 ParOldGen       total 87552K, used 12801K [0x0000000081400000, 0x0000000086980000, 0x00000000d5c00000)
  object space 87552K, 14% used [0x0000000081400000,0x0000000082080790,0x0000000086980000)
 Metaspace       used 16422K, capacity 17082K, committed 17280K, reserved 1064960K
  class space    used 2182K, capacity 2365K, committed 2432K, reserved 1048576K
Event: 42.211 GC heap after
Heap after GC invocations=8 (full 0):
 PSYoungGen      total 42496K, used 512K [0x00000000d5c00000, 0x00000000d9180000, 0x0000000100000000)
  eden space 31232K, 0% used [0x00000000d5c00000,0x00000000d5c00000,0x00000000d7a80000)
  from space 11264K, 4% used [0x00000000d8600000,0x00000000d8680000,0x00000000d9100000)
  to   space 11776K, 0% used [0x00000000d7a80000,0x00000000d7a80000,0x00000000d8600000)
 ParOldGen       total 87552K, used 12986K [0x0000000081400000, 0x0000000086980000, 0x00000000d5c00000)
  object space 87552K, 14% used [0x0000000081400000,0x00000000820aead0,0x0000000086980000)
 Metaspace       used 16422K, capacity 17082K, committed 17280K, reserved 1064960K
  class space    used 2182K, capacity 2365K, committed 2432K, reserved 1048576K
}

