# JRE version: Java(TM) SE Runtime Environment (8.0_211-b12) (build 1.8.0_211-b12)
# Java VM: Java HotSpot(TM) 64-Bit Server VM (25.211-b12 mixed mode windows-amd64 compressed oops)
Heap:
 PSYoungGen      total 30208K, used 13070K [0x00000000d5c00000, 0x00000000d8d00000, 0x0000000100000000)
  eden space 29696K, 42% used [0x00000000d5c00000,0x00000000d685b950,0x00000000d7900000)
  from space 512K, 81% used [0x00000000d7980000,0x00000000d79e8000,0x00000000d7a00000)
  to   space 10240K, 0% used [0x00000000d8300000,0x00000000d8300000,0x00000000d8d00000)
 ParOldGen       total 87552K, used 11070K [0x0000000081400000, 0x0000000086980000, 0x00000000d5c00000)
  object space 87552K, 12% used [0x0000000081400000,0x0000000081ecfb00,0x0000000086980000)
 Metaspace       used 16423K, capacity 17088K, committed 17280K, reserved 1064960K
  class space    used 2183K, capacity 2366K, committed 2432K, reserved 1048576K
GC Heap History (10 events):
Event: 42.776 GC heap before
{Heap before GC invocations=7 (full 0):
 PSYoungGen      total 40448K, used 37457K [0x00000000d5c00000, 0x00000000d8d80000, 0x0000000100000000)
  eden space 32256K, 100% used [0x00000000d5c00000,0x00000000d7b80000,0x00000000d7b80000)
  from space 8192K, 63% used [0x00000000d8580000,0x00000000d8a94540,0x00000000d8d80000)
  to   space 9216K, 0% used [0x00000000d7b80000,0x00000000d7b80000,0x00000000d8480000)
 ParOldGen       total 87552K, used 5710K [0x0000000081400000, 0x0000000086980000, 0x00000000d5c00000)
  object space 87552K, 6% used [0x0000000081400000,0x0000000081993b98,0x0000000086980000)
 Metaspace       used 15948K, capacity 16592K, committed 16768K, reserved 1062912K
  class space    used 2134K, capacity 2312K, committed 2432K, reserved 1048576K
Event: 42.802 GC heap after
Heap after GC invocations=7 (full 0):
 PSYoungGen      total 40960K, used 416K [0x00000000d5c00000, 0x00000000d8e00000, 0x0000000100000000)
  eden space 31744K, 0% used [0x00000000d5c00000,0x00000000d5c00000,0x00000000d7b00000)
  from space 9216K, 4% used [0x00000000d7b80000,0x00000000d7be8000,0x00000000d8480000)
  to   space 9728K, 0% used [0x00000000d8480000,0x00000000d8480000,0x00000000d8e00000)
 ParOldGen       total 87552K, used 10701K [0x0000000081400000, 0x0000000086980000, 0x00000000d5c00000)
  object space 87552K, 12% used [0x0000000081400000,0x0000000081e737c0,0x0000000086980000)
 Metaspace       used 15948K, capacity 16592K, committed 16768K, reserved 1062912K
  class space    used 2134K, capacity 2312K, committed 2432K, reserved 1048576K
}
Event: 49.132 GC heap before
{Heap before GC invocations=8 (full 0):
 PSYoungGen      total 40960K, used 32160K [0x00000000d5c00000, 0x00000000d8e00000, 0x0000000100000000)
  eden space 31744K, 100% used [0x00000000d5c00000,0x00000000d7b00000,0x00000000d7b00000)
  from space 9216K, 4% used [0x00000000d7b80000,0x00000000d7be8000,0x00000000d8480000)
  to   space 9728K, 0% used [0x00000000d8480000,0x00000000d8480000,0x00000000d8e00000)
 ParOldGen       total 87552K, used 10701K [0x0000000081400000, 0x0000000086980000, 0x00000000d5c00000)
  object space 87552K, 12% used [0x0000000081400000,0x0000000081e737c0,0x0000000086980000)
 Metaspace       used 16046K, capacity 16656K, committed 17024K, reserved 1064960K
  class space    used 2134K, capacity 2312K, committed 2432K, reserved 1048576K
Event: 49.142 GC heap after
Heap after GC invocations=8 (full 0):
 PSYoungGen      total 40960K, used 512K [0x00000000d5c00000, 0x00000000d8e80000, 0x0000000100000000)
  eden space 31232K, 0% used [0x00000000d5c00000,0x00000000d5c00000,0x00000000d7a80000)
  from space 9728K, 5% used [0x00000000d8480000,0x00000000d8500000,0x00000000d8e00000)
  to   space 10240K, 0% used [0x00000000d7a80000,0x00000000d7a80000,0x00000000d8480000)
 ParOldGen       total 87552K, used 10725K [0x0000000081400000, 0x0000000086980000, 0x00000000d5c00000)
  object space 87552K, 12% used [0x0000000081400000,0x0000000081e797c0,0x0000000086980000)
 Metaspace       used 16046K, capacity 16656K, committed 17024K, reserved 1064960K
  class space    used 2134K, capacity 2312K, committed 2432K, reserved 1048576K
}
Event: 55.321 GC heap before
{Heap before GC invocations=9 (full 0):
 PSYoungGen      total 40960K, used 31744K [0x00000000d5c00000, 0x00000000d8e80000, 0x0000000100000000)
  eden space 31232K, 100% used [0x00000000d5c00000,0x00000000d7a80000,0x00000000d7a80000)
  from space 9728K, 5% used [0x00000000d8480000,0x00000000d8500000,0x00000000d8e00000)
  to   space 10240K, 0% used [0x00000000d7a80000,0x00000000d7a80000,0x00000000d8480000)
 ParOldGen       total 87552K, used 10725K [0x0000000081400000, 0x0000000086980000, 0x00000000d5c00000)
  object space 87552K, 12% used [0x0000000081400000,0x0000000081e797c0,0x0000000086980000)
 Metaspace       used 16351K, capacity 17018K, committed 17280K, reserved 1064960K
  class space    used 2175K, capacity 2365K, committed 2432K, reserved 1048576K
Event: 55.348 GC heap after
Heap after GC invocations=9 (full 0):
 PSYoungGen      total 31744K, used 576K [0x00000000d5c00000, 0x00000000d8e00000, 0x0000000100000000)
  eden space 30720K, 0% used [0x00000000d5c00000,0x00000000d5c00000,0x00000000d7a00000)
  from space 1024K, 56% used [0x00000000d7a80000,0x00000000d7b10000,0x00000000d7b80000)
  to   space 10240K, 0% used [0x00000000d8400000,0x00000000d8400000,0x00000000d8e00000)
 ParOldGen       total 87552K, used 10821K [0x0000000081400000, 0x0000000086980000, 0x00000000d5c00000)
  object space 87552K, 12% used [0x0000000081400000,0x0000000081e917c0,0x0000000086980000)
 Metaspace       used 16351K, capacity 17018K, committed 17280K, reserved 1064960K
  class space    used 2175K, capacity 2365K, committed 2432K, reserved 1048576K
}
Event: 59.442 GC heap before
{Heap before GC invocations=10 (full 0):
 PSYoungGen      total 31744K, used 31296K [0x00000000d5c00000, 0x00000000d8e00000, 0x0000000100000000)
  eden space 30720K, 100% used [0x00000000d5c00000,0x00000000d7a00000,0x00000000d7a00000)
  from space 1024K, 56% used [0x00000000d7a80000,0x00000000d7b10000,0x00000000d7b80000)
  to   space 10240K, 0% used [0x00000000d8400000,0x00000000d8400000,0x00000000d8e00000)
 ParOldGen       total 87552K, used 10821K [0x0000000081400000, 0x0000000086980000, 0x00000000d5c00000)
  object space 87552K, 12% used [0x0000000081400000,0x0000000081e917c0,0x0000000086980000)
 Metaspace       used 16370K, capacity 17018K, committed 17280K, reserved 1064960K
  class space    used 2176K, capacity 2365K, committed 2432K, reserved 1048576K
Event: 59.477 GC heap after
Heap after GC invocations=10 (full 0):
 PSYoungGen      total 39936K, used 480K [0x00000000d5c00000, 0x00000000d8d80000, 0x0000000100000000)
  eden space 30208K, 0% used [0x00000000d5c00000,0x00000000d5c00000,0x00000000d7980000)
  from space 9728K, 4% used [0x00000000d8400000,0x00000000d8478000,0x00000000d8d80000)
  to   space 10240K, 0% used [0x00000000d7980000,0x00000000d7980000,0x00000000d8380000)
 ParOldGen       total 87552K, used 10853K [0x0000000081400000, 0x0000000086980000, 0x00000000d5c00000)
  object space 87552K, 12% used [0x0000000081400000,0x0000000081e997c0,0x0000000086980000)
 Metaspace       used 16370K, capacity 17018K, committed 17280K, reserved 1064960K
  class space    used 2176K, capacity 2365K, committed 2432K, reserved 1048576K
}
Event: 66.057 GC heap before
{Heap before GC invocations=11 (full 0):
 PSYoungGen      total 39936K, used 30688K [0x00000000d5c00000, 0x00000000d8d80000, 0x0000000100000000)
  eden space 30208K, 100% used [0x00000000d5c00000,0x00000000d7980000,0x00000000d7980000)
  from space 9728K, 4% used [0x00000000d8400000,0x00000000d8478000,0x00000000d8d80000)
  to   space 10240K, 0% used [0x00000000d7980000,0x00000000d7980000,0x00000000d8380000)
 ParOldGen       total 87552K, used 10853K [0x0000000081400000, 0x0000000086980000, 0x00000000d5c00000)
  object space 87552K, 12% used [0x0000000081400000,0x0000000081e997c0,0x0000000086980000)
 Metaspace       used 16421K, capacity 17088K, committed 17280K, reserved 1064960K
  class space    used 2183K, capacity 2366K, committed 2432K, reserved 1048576K
Event: 66.067 GC heap after
Heap after GC invocations=11 (full 0):
 PSYoungGen      total 30208K, used 416K [0x00000000d5c00000, 0x00000000d8d00000, 0x0000000100000000)
  eden space 29696K, 0% used [0x00000000d5c00000,0x00000000d5c00000,0x00000000d7900000)
  from space 512K, 81% used [0x00000000d7980000,0x00000000d79e8000,0x00000000d7a00000)
  to   space 10240K, 0% used [0x00000000d8300000,0x00000000d8300000,0x00000000d8d00000)
 ParOldGen       total 87552K, used 11070K [0x0000000081400000, 0x0000000086980000, 0x00000000d5c00000)
  object space 87552K, 12% used [0x0000000081400000,0x0000000081ecfb00,0x0000000086980000)
 Metaspace       used 16421K, capacity 17088K, committed 17280K, reserved 1064960K
  class space    used 2183K, capacity 2366K, committed 2432K, reserved 1048576K
}

